[2023-01-22 16:10:27] merlin-logger.DEBUG: The welcome step has been displayed [] []
[2023-01-22 16:10:31] merlin-logger.DEBUG: The child theme installation step has been displayed [] []
[2023-01-22 16:10:34] merlin-logger.DEBUG: The child theme style.css content was generated [] []
[2023-01-22 16:10:34] merlin-logger.DEBUG: The child theme functions.php content was generated [] []
[2023-01-22 16:10:34] merlin-logger.DEBUG: The child theme screenshot was copied to the child theme, with the following result {"copied":true} []
[2023-01-22 16:10:35] merlin-logger.DEBUG: The newly generated child theme was activated [] []
[2023-01-22 16:10:40] merlin-logger.DEBUG: The license activation step has been displayed [] []
[2023-01-22 16:10:41] merlin-logger.DEBUG: The plugin installation step has been displayed [] []
[2023-01-22 16:10:44] merlin-logger.DEBUG: The content import step has been displayed [] []
[2023-01-22 16:10:48] merlin-logger.INFO: The content import AJAX call will be executed with this import data {"title":"Content","data":"F:\\CS\\XAMPP\\htdocs\\test/wp-content/themes/shopwise/includes/merlin/demo-data/fashion/fashion-content.xml"} []
[2023-01-22 16:10:50] merlin-logger.DEBUG: The Hello world post status was set to draft [] []
[2023-01-22 16:10:50] merlin-logger.WARNING: Failed to import product_cat Accessories [] []
[2023-01-22 16:10:50] merlin-logger.DEBUG: Invalid taxonomy. [] []
[2023-01-22 16:10:50] merlin-logger.WARNING: Failed to import product_cat Baby Clothing [] []
[2023-01-22 16:10:50] merlin-logger.DEBUG: Invalid taxonomy. [] []
[2023-01-22 16:10:50] merlin-logger.WARNING: Failed to import product_cat Best Sellers [] []
[2023-01-22 16:10:50] merlin-logger.DEBUG: Invalid taxonomy. [] []
[2023-01-22 16:10:50] merlin-logger.WARNING: Failed to import product_tag black [] []
[2023-01-22 16:10:50] merlin-logger.DEBUG: Invalid taxonomy. [] []
[2023-01-22 16:10:50] merlin-logger.WARNING: Failed to import pa_color Black [] []
[2023-01-22 16:10:50] merlin-logger.DEBUG: Invalid taxonomy. [] []
[2023-01-22 16:10:50] merlin-logger.WARNING: Failed to import product_tag blue [] []
[2023-01-22 16:10:50] merlin-logger.DEBUG: Invalid taxonomy. [] []
[2023-01-22 16:10:50] merlin-logger.WARNING: Failed to import product_tag casual [] []
[2023-01-22 16:10:50] merlin-logger.DEBUG: Invalid taxonomy. [] []
[2023-01-22 16:10:50] merlin-logger.WARNING: Failed to import product_cat Clothing [] []
[2023-01-22 16:10:50] merlin-logger.DEBUG: Invalid taxonomy. [] []
[2023-01-22 16:10:50] merlin-logger.WARNING: Failed to import product_tag dress [] []
[2023-01-22 16:10:50] merlin-logger.DEBUG: Invalid taxonomy. [] []
[2023-01-22 16:10:50] merlin-logger.WARNING: Failed to import product_tag elegant [] []
[2023-01-22 16:10:50] merlin-logger.DEBUG: Invalid taxonomy. [] []
[2023-01-22 16:10:50] merlin-logger.WARNING: Failed to import product_cat Ethinic Wear [] []
[2023-01-22 16:10:50] merlin-logger.DEBUG: Invalid taxonomy. [] []
[2023-01-22 16:10:50] merlin-logger.WARNING: Failed to import product_visibility exclude-from-catalog [] []
[2023-01-22 16:10:50] merlin-logger.DEBUG: Invalid taxonomy. [] []
[2023-01-22 16:10:50] merlin-logger.WARNING: Failed to import product_visibility exclude-from-search [] []
[2023-01-22 16:10:50] merlin-logger.DEBUG: Invalid taxonomy. [] []
[2023-01-22 16:10:50] merlin-logger.WARNING: Failed to import product_type external [] []
[2023-01-22 16:10:50] merlin-logger.DEBUG: Invalid taxonomy. [] []
[2023-01-22 16:10:50] merlin-logger.WARNING: Failed to import product_visibility featured [] []
[2023-01-22 16:10:50] merlin-logger.DEBUG: Invalid taxonomy. [] []
[2023-01-22 16:10:50] merlin-logger.WARNING: Failed to import product_cat Featured [] []
[2023-01-22 16:10:50] merlin-logger.DEBUG: Invalid taxonomy. [] []
[2023-01-22 16:10:50] merlin-logger.WARNING: Failed to import product_tag girl [] []
[2023-01-22 16:10:50] merlin-logger.DEBUG: Invalid taxonomy. [] []
[2023-01-22 16:10:50] merlin-logger.WARNING: Failed to import product_tag gray [] []
[2023-01-22 16:10:50] merlin-logger.DEBUG: Invalid taxonomy. [] []
[2023-01-22 16:10:50] merlin-logger.WARNING: Failed to import pa_color Green [] []
[2023-01-22 16:10:50] merlin-logger.DEBUG: Invalid taxonomy. [] []
[2023-01-22 16:10:50] merlin-logger.WARNING: Failed to import product_type grouped [] []
[2023-01-22 16:10:50] merlin-logger.DEBUG: Invalid taxonomy. [] []
[2023-01-22 16:10:50] merlin-logger.WARNING: Failed to import product_cat Health &amp; Beauty [] []
[2023-01-22 16:10:50] merlin-logger.DEBUG: Invalid taxonomy. [] []
[2023-01-22 16:10:50] merlin-logger.WARNING: Failed to import product_cat Jewellery [] []
[2023-01-22 16:10:50] merlin-logger.DEBUG: Invalid taxonomy. [] []
[2023-01-22 16:10:50] merlin-logger.WARNING: Failed to import product_tag kid [] []
[2023-01-22 16:10:50] merlin-logger.DEBUG: Invalid taxonomy. [] []
[2023-01-22 16:10:50] merlin-logger.WARNING: Failed to import product_cat Kid's [] []
[2023-01-22 16:10:50] merlin-logger.DEBUG: Invalid taxonomy. [] []
[2023-01-22 16:10:50] merlin-logger.WARNING: Failed to import pa_size L [] []
[2023-01-22 16:10:50] merlin-logger.DEBUG: Invalid taxonomy. [] []
[2023-01-22 16:10:50] merlin-logger.WARNING: Failed to import product_tag lether [] []
[2023-01-22 16:10:50] merlin-logger.DEBUG: Invalid taxonomy. [] []
[2023-01-22 16:10:50] merlin-logger.WARNING: Failed to import product_tag line [] []
[2023-01-22 16:10:50] merlin-logger.DEBUG: Invalid taxonomy. [] []
[2023-01-22 16:10:50] merlin-logger.WARNING: Failed to import pa_size M [] []
[2023-01-22 16:10:50] merlin-logger.DEBUG: Invalid taxonomy. [] []
[2023-01-22 16:10:50] merlin-logger.WARNING: Failed to import product_cat Men [] []
[2023-01-22 16:10:50] merlin-logger.DEBUG: Invalid taxonomy. [] []
[2023-01-22 16:10:50] merlin-logger.WARNING: Failed to import product_cat New Arrival [] []
[2023-01-22 16:10:50] merlin-logger.DEBUG: Invalid taxonomy. [] []
[2023-01-22 16:10:50] merlin-logger.WARNING: Failed to import product_visibility outofstock [] []
[2023-01-22 16:10:50] merlin-logger.DEBUG: Invalid taxonomy. [] []
[2023-01-22 16:10:50] merlin-logger.WARNING: Failed to import pa_color Pink [] []
[2023-01-22 16:10:50] merlin-logger.DEBUG: Invalid taxonomy. [] []
[2023-01-22 16:10:50] merlin-logger.WARNING: Failed to import product_visibility rated-1 [] []
[2023-01-22 16:10:50] merlin-logger.DEBUG: Invalid taxonomy. [] []
[2023-01-22 16:10:50] merlin-logger.WARNING: Failed to import product_visibility rated-2 [] []
[2023-01-22 16:10:50] merlin-logger.DEBUG: Invalid taxonomy. [] []
[2023-01-22 16:10:50] merlin-logger.WARNING: Failed to import product_visibility rated-3 [] []
[2023-01-22 16:10:50] merlin-logger.DEBUG: Invalid taxonomy. [] []
[2023-01-22 16:10:50] merlin-logger.WARNING: Failed to import product_visibility rated-4 [] []
[2023-01-22 16:10:50] merlin-logger.DEBUG: Invalid taxonomy. [] []
[2023-01-22 16:10:50] merlin-logger.WARNING: Failed to import product_visibility rated-5 [] []
[2023-01-22 16:10:50] merlin-logger.DEBUG: Invalid taxonomy. [] []
[2023-01-22 16:10:50] merlin-logger.WARNING: Failed to import product_tag red [] []
[2023-01-22 16:10:50] merlin-logger.DEBUG: Invalid taxonomy. [] []
[2023-01-22 16:10:50] merlin-logger.WARNING: Failed to import pa_size S [] []
[2023-01-22 16:10:50] merlin-logger.DEBUG: Invalid taxonomy. [] []
[2023-01-22 16:10:50] merlin-logger.WARNING: Failed to import product_cat Seasonal Wear [] []
[2023-01-22 16:10:50] merlin-logger.DEBUG: Invalid taxonomy. [] []
[2023-01-22 16:10:50] merlin-logger.WARNING: Failed to import product_tag shirt [] []
[2023-01-22 16:10:50] merlin-logger.DEBUG: Invalid taxonomy. [] []
[2023-01-22 16:10:50] merlin-logger.WARNING: Failed to import product_cat Shoes [] []
[2023-01-22 16:10:50] merlin-logger.DEBUG: Invalid taxonomy. [] []
[2023-01-22 16:10:50] merlin-logger.WARNING: Failed to import product_type simple [] []
[2023-01-22 16:10:50] merlin-logger.DEBUG: Invalid taxonomy. [] []
[2023-01-22 16:10:50] merlin-logger.WARNING: Failed to import product_cat Sleepwear [] []
[2023-01-22 16:10:50] merlin-logger.DEBUG: Invalid taxonomy. [] []
[2023-01-22 16:10:50] merlin-logger.WARNING: Failed to import product_tag sliv [] []
[2023-01-22 16:10:50] merlin-logger.DEBUG: Invalid taxonomy. [] []
[2023-01-22 16:10:50] merlin-logger.WARNING: Failed to import product_cat Special Offer [] []
[2023-01-22 16:10:50] merlin-logger.DEBUG: Invalid taxonomy. [] []
[2023-01-22 16:10:50] merlin-logger.WARNING: Failed to import product_cat Sports [] []
[2023-01-22 16:10:50] merlin-logger.DEBUG: Invalid taxonomy. [] []
[2023-01-22 16:10:50] merlin-logger.WARNING: Failed to import pa_color Tortoise [] []
[2023-01-22 16:10:50] merlin-logger.DEBUG: Invalid taxonomy. [] []
[2023-01-22 16:10:50] merlin-logger.WARNING: Failed to import product_tag tshirt [] []
[2023-01-22 16:10:50] merlin-logger.DEBUG: Invalid taxonomy. [] []
[2023-01-22 16:10:50] merlin-logger.WARNING: Failed to import product_cat Uncategorized [] []
[2023-01-22 16:10:50] merlin-logger.DEBUG: Invalid taxonomy. [] []
[2023-01-22 16:10:50] merlin-logger.WARNING: Failed to import product_type variable [] []
[2023-01-22 16:10:50] merlin-logger.DEBUG: Invalid taxonomy. [] []
[2023-01-22 16:10:50] merlin-logger.WARNING: Failed to import product_cat Watches [] []
[2023-01-22 16:10:50] merlin-logger.DEBUG: Invalid taxonomy. [] []
[2023-01-22 16:10:50] merlin-logger.WARNING: Failed to import product_cat Women [] []
[2023-01-22 16:10:50] merlin-logger.DEBUG: Invalid taxonomy. [] []
[2023-01-22 16:10:50] merlin-logger.WARNING: Failed to import pa_size XL [] []
[2023-01-22 16:10:50] merlin-logger.DEBUG: Invalid taxonomy. [] []
[2023-01-22 16:10:50] merlin-logger.WARNING: Failed to import pa_size XS [] []
[2023-01-22 16:10:50] merlin-logger.DEBUG: Invalid taxonomy. [] []
[2023-01-22 16:10:52] merlin-logger.INFO: Imported "logo_dark" (Media) [] []
[2023-01-22 16:10:52] merlin-logger.DEBUG: Post 9 remapped to 9 [] []
[2023-01-22 16:10:54] merlin-logger.INFO: Imported "banner1" (Media) [] []
[2023-01-22 16:10:54] merlin-logger.DEBUG: Post 23 remapped to 2922 [] []
[2023-01-22 16:10:57] merlin-logger.INFO: Imported "banner2" (Media) [] []
[2023-01-22 16:10:57] merlin-logger.DEBUG: Post 24 remapped to 2923 [] []
[2023-01-22 16:10:59] merlin-logger.INFO: Imported "banner3" (Media) [] []
[2023-01-22 16:10:59] merlin-logger.DEBUG: Post 25 remapped to 2924 [] []
[2023-01-22 16:11:00] merlin-logger.INFO: Imported "shop_banner_img2" (Media) [] []
[2023-01-22 16:11:00] merlin-logger.DEBUG: Post 34 remapped to 2925 [] []
[2023-01-22 16:11:02] merlin-logger.INFO: Imported "shop_banner_img1" (Media) [] []
[2023-01-22 16:11:02] merlin-logger.DEBUG: Post 35 remapped to 2926 [] []
[2023-01-22 16:11:05] merlin-logger.INFO: Imported "woocommerce-placeholder" (Media) [] []
[2023-01-22 16:11:05] merlin-logger.DEBUG: Post 39 remapped to 2927 [] []
[2023-01-22 16:11:06] merlin-logger.INFO: Imported "product_img2" (Media) [] []
[2023-01-22 16:11:06] merlin-logger.DEBUG: Post 45 remapped to 2928 [] []
[2023-01-22 16:11:08] merlin-logger.INFO: Imported "product_img3" (Media) [] []
[2023-01-22 16:11:08] merlin-logger.DEBUG: Post 46 remapped to 2929 [] []
[2023-01-22 16:11:08] merlin-logger.INFO: New AJAX call! [] []
[2023-01-22 16:11:09] merlin-logger.INFO: The content import AJAX call will be executed with this import data {"title":"Content","data":"F:\\CS\\XAMPP\\htdocs\\test/wp-content/themes/shopwise/includes/merlin/demo-data/fashion/fashion-content.xml"} []
[2023-01-22 16:11:11] merlin-logger.DEBUG: The Hello world post status was set to draft [] []
[2023-01-22 16:11:11] merlin-logger.WARNING: Failed to import product_cat Accessories [] []
[2023-01-22 16:11:11] merlin-logger.DEBUG: Invalid taxonomy. [] []
[2023-01-22 16:11:11] merlin-logger.WARNING: Failed to import product_cat Baby Clothing [] []
[2023-01-22 16:11:11] merlin-logger.DEBUG: Invalid taxonomy. [] []
[2023-01-22 16:11:11] merlin-logger.WARNING: Failed to import product_cat Best Sellers [] []
[2023-01-22 16:11:11] merlin-logger.DEBUG: Invalid taxonomy. [] []
[2023-01-22 16:11:11] merlin-logger.WARNING: Failed to import product_tag black [] []
[2023-01-22 16:11:11] merlin-logger.DEBUG: Invalid taxonomy. [] []
[2023-01-22 16:11:11] merlin-logger.WARNING: Failed to import pa_color Black [] []
[2023-01-22 16:11:11] merlin-logger.DEBUG: Invalid taxonomy. [] []
[2023-01-22 16:11:11] merlin-logger.WARNING: Failed to import product_tag blue [] []
[2023-01-22 16:11:11] merlin-logger.DEBUG: Invalid taxonomy. [] []
[2023-01-22 16:11:11] merlin-logger.WARNING: Failed to import product_tag casual [] []
[2023-01-22 16:11:11] merlin-logger.DEBUG: Invalid taxonomy. [] []
[2023-01-22 16:11:11] merlin-logger.WARNING: Failed to import product_cat Clothing [] []
[2023-01-22 16:11:11] merlin-logger.DEBUG: Invalid taxonomy. [] []
[2023-01-22 16:11:11] merlin-logger.WARNING: Failed to import product_tag dress [] []
[2023-01-22 16:11:11] merlin-logger.DEBUG: Invalid taxonomy. [] []
[2023-01-22 16:11:11] merlin-logger.WARNING: Failed to import product_tag elegant [] []
[2023-01-22 16:11:11] merlin-logger.DEBUG: Invalid taxonomy. [] []
[2023-01-22 16:11:11] merlin-logger.WARNING: Failed to import product_cat Ethinic Wear [] []
[2023-01-22 16:11:11] merlin-logger.DEBUG: Invalid taxonomy. [] []
[2023-01-22 16:11:11] merlin-logger.WARNING: Failed to import product_visibility exclude-from-catalog [] []
[2023-01-22 16:11:11] merlin-logger.DEBUG: Invalid taxonomy. [] []
[2023-01-22 16:11:11] merlin-logger.WARNING: Failed to import product_visibility exclude-from-search [] []
[2023-01-22 16:11:11] merlin-logger.DEBUG: Invalid taxonomy. [] []
[2023-01-22 16:11:11] merlin-logger.WARNING: Failed to import product_type external [] []
[2023-01-22 16:11:11] merlin-logger.DEBUG: Invalid taxonomy. [] []
[2023-01-22 16:11:11] merlin-logger.WARNING: Failed to import product_visibility featured [] []
[2023-01-22 16:11:11] merlin-logger.DEBUG: Invalid taxonomy. [] []
[2023-01-22 16:11:11] merlin-logger.WARNING: Failed to import product_cat Featured [] []
[2023-01-22 16:11:11] merlin-logger.DEBUG: Invalid taxonomy. [] []
[2023-01-22 16:11:11] merlin-logger.WARNING: Failed to import product_tag girl [] []
[2023-01-22 16:11:11] merlin-logger.DEBUG: Invalid taxonomy. [] []
[2023-01-22 16:11:11] merlin-logger.WARNING: Failed to import product_tag gray [] []
[2023-01-22 16:11:11] merlin-logger.DEBUG: Invalid taxonomy. [] []
[2023-01-22 16:11:11] merlin-logger.WARNING: Failed to import pa_color Green [] []
[2023-01-22 16:11:11] merlin-logger.DEBUG: Invalid taxonomy. [] []
[2023-01-22 16:11:11] merlin-logger.WARNING: Failed to import product_type grouped [] []
[2023-01-22 16:11:11] merlin-logger.DEBUG: Invalid taxonomy. [] []
[2023-01-22 16:11:11] merlin-logger.WARNING: Failed to import product_cat Health &amp; Beauty [] []
[2023-01-22 16:11:11] merlin-logger.DEBUG: Invalid taxonomy. [] []
[2023-01-22 16:11:11] merlin-logger.WARNING: Failed to import product_cat Jewellery [] []
[2023-01-22 16:11:11] merlin-logger.DEBUG: Invalid taxonomy. [] []
[2023-01-22 16:11:11] merlin-logger.WARNING: Failed to import product_tag kid [] []
[2023-01-22 16:11:11] merlin-logger.DEBUG: Invalid taxonomy. [] []
[2023-01-22 16:11:11] merlin-logger.WARNING: Failed to import product_cat Kid's [] []
[2023-01-22 16:11:11] merlin-logger.DEBUG: Invalid taxonomy. [] []
[2023-01-22 16:11:11] merlin-logger.WARNING: Failed to import pa_size L [] []
[2023-01-22 16:11:11] merlin-logger.DEBUG: Invalid taxonomy. [] []
[2023-01-22 16:11:11] merlin-logger.WARNING: Failed to import product_tag lether [] []
[2023-01-22 16:11:11] merlin-logger.DEBUG: Invalid taxonomy. [] []
[2023-01-22 16:11:11] merlin-logger.WARNING: Failed to import product_tag line [] []
[2023-01-22 16:11:11] merlin-logger.DEBUG: Invalid taxonomy. [] []
[2023-01-22 16:11:11] merlin-logger.WARNING: Failed to import pa_size M [] []
[2023-01-22 16:11:11] merlin-logger.DEBUG: Invalid taxonomy. [] []
[2023-01-22 16:11:11] merlin-logger.WARNING: Failed to import product_cat Men [] []
[2023-01-22 16:11:11] merlin-logger.DEBUG: Invalid taxonomy. [] []
[2023-01-22 16:11:11] merlin-logger.WARNING: Failed to import product_cat New Arrival [] []
[2023-01-22 16:11:11] merlin-logger.DEBUG: Invalid taxonomy. [] []
[2023-01-22 16:11:11] merlin-logger.WARNING: Failed to import product_visibility outofstock [] []
[2023-01-22 16:11:11] merlin-logger.DEBUG: Invalid taxonomy. [] []
[2023-01-22 16:11:11] merlin-logger.WARNING: Failed to import pa_color Pink [] []
[2023-01-22 16:11:11] merlin-logger.DEBUG: Invalid taxonomy. [] []
[2023-01-22 16:11:11] merlin-logger.WARNING: Failed to import product_visibility rated-1 [] []
[2023-01-22 16:11:11] merlin-logger.DEBUG: Invalid taxonomy. [] []
[2023-01-22 16:11:11] merlin-logger.WARNING: Failed to import product_visibility rated-2 [] []
[2023-01-22 16:11:11] merlin-logger.DEBUG: Invalid taxonomy. [] []
[2023-01-22 16:11:11] merlin-logger.WARNING: Failed to import product_visibility rated-3 [] []
[2023-01-22 16:11:11] merlin-logger.DEBUG: Invalid taxonomy. [] []
[2023-01-22 16:11:11] merlin-logger.WARNING: Failed to import product_visibility rated-4 [] []
[2023-01-22 16:11:11] merlin-logger.DEBUG: Invalid taxonomy. [] []
[2023-01-22 16:11:11] merlin-logger.WARNING: Failed to import product_visibility rated-5 [] []
[2023-01-22 16:11:11] merlin-logger.DEBUG: Invalid taxonomy. [] []
[2023-01-22 16:11:11] merlin-logger.WARNING: Failed to import product_tag red [] []
[2023-01-22 16:11:11] merlin-logger.DEBUG: Invalid taxonomy. [] []
[2023-01-22 16:11:11] merlin-logger.WARNING: Failed to import pa_size S [] []
[2023-01-22 16:11:11] merlin-logger.DEBUG: Invalid taxonomy. [] []
[2023-01-22 16:11:11] merlin-logger.WARNING: Failed to import product_cat Seasonal Wear [] []
[2023-01-22 16:11:11] merlin-logger.DEBUG: Invalid taxonomy. [] []
[2023-01-22 16:11:11] merlin-logger.WARNING: Failed to import product_tag shirt [] []
[2023-01-22 16:11:11] merlin-logger.DEBUG: Invalid taxonomy. [] []
[2023-01-22 16:11:11] merlin-logger.WARNING: Failed to import product_cat Shoes [] []
[2023-01-22 16:11:11] merlin-logger.DEBUG: Invalid taxonomy. [] []
[2023-01-22 16:11:11] merlin-logger.WARNING: Failed to import product_type simple [] []
[2023-01-22 16:11:11] merlin-logger.DEBUG: Invalid taxonomy. [] []
[2023-01-22 16:11:11] merlin-logger.WARNING: Failed to import product_cat Sleepwear [] []
[2023-01-22 16:11:11] merlin-logger.DEBUG: Invalid taxonomy. [] []
[2023-01-22 16:11:11] merlin-logger.WARNING: Failed to import product_tag sliv [] []
[2023-01-22 16:11:11] merlin-logger.DEBUG: Invalid taxonomy. [] []
[2023-01-22 16:11:11] merlin-logger.WARNING: Failed to import product_cat Special Offer [] []
[2023-01-22 16:11:11] merlin-logger.DEBUG: Invalid taxonomy. [] []
[2023-01-22 16:11:11] merlin-logger.WARNING: Failed to import product_cat Sports [] []
[2023-01-22 16:11:11] merlin-logger.DEBUG: Invalid taxonomy. [] []
[2023-01-22 16:11:11] merlin-logger.WARNING: Failed to import pa_color Tortoise [] []
[2023-01-22 16:11:11] merlin-logger.DEBUG: Invalid taxonomy. [] []
[2023-01-22 16:11:11] merlin-logger.WARNING: Failed to import product_tag tshirt [] []
[2023-01-22 16:11:11] merlin-logger.DEBUG: Invalid taxonomy. [] []
[2023-01-22 16:11:11] merlin-logger.WARNING: Failed to import product_cat Uncategorized [] []
[2023-01-22 16:11:11] merlin-logger.DEBUG: Invalid taxonomy. [] []
[2023-01-22 16:11:11] merlin-logger.WARNING: Failed to import product_type variable [] []
[2023-01-22 16:11:11] merlin-logger.DEBUG: Invalid taxonomy. [] []
[2023-01-22 16:11:11] merlin-logger.WARNING: Failed to import product_cat Watches [] []
[2023-01-22 16:11:11] merlin-logger.DEBUG: Invalid taxonomy. [] []
[2023-01-22 16:11:11] merlin-logger.WARNING: Failed to import product_cat Women [] []
[2023-01-22 16:11:11] merlin-logger.DEBUG: Invalid taxonomy. [] []
[2023-01-22 16:11:11] merlin-logger.WARNING: Failed to import pa_size XL [] []
[2023-01-22 16:11:11] merlin-logger.DEBUG: Invalid taxonomy. [] []
[2023-01-22 16:11:11] merlin-logger.WARNING: Failed to import pa_size XS [] []
[2023-01-22 16:11:11] merlin-logger.DEBUG: Invalid taxonomy. [] []
[2023-01-22 16:11:12] merlin-logger.INFO: Imported "product_img4" (Media) [] []
[2023-01-22 16:11:12] merlin-logger.DEBUG: Post 47 remapped to 2930 [] []
[2023-01-22 16:11:14] merlin-logger.INFO: Imported "product_img5" (Media) [] []
[2023-01-22 16:11:14] merlin-logger.DEBUG: Post 48 remapped to 2931 [] []
[2023-01-22 16:11:16] merlin-logger.INFO: Imported "product_img6" (Media) [] []
[2023-01-22 16:11:16] merlin-logger.DEBUG: Post 49 remapped to 2932 [] []
[2023-01-22 16:11:17] merlin-logger.INFO: Imported "product_img7" (Media) [] []
[2023-01-22 16:11:17] merlin-logger.DEBUG: Post 50 remapped to 2933 [] []
[2023-01-22 16:11:19] merlin-logger.INFO: Imported "product_img8" (Media) [] []
[2023-01-22 16:11:19] merlin-logger.DEBUG: Post 51 remapped to 2934 [] []
[2023-01-22 16:11:21] merlin-logger.INFO: Imported "product_img9" (Media) [] []
[2023-01-22 16:11:21] merlin-logger.DEBUG: Post 52 remapped to 2935 [] []
[2023-01-22 16:11:22] merlin-logger.INFO: Imported "product_img10" (Media) [] []
[2023-01-22 16:11:22] merlin-logger.DEBUG: Post 53 remapped to 2936 [] []
[2023-01-22 16:11:24] merlin-logger.INFO: Imported "product_img1" (Media) [] []
[2023-01-22 16:11:24] merlin-logger.DEBUG: Post 54 remapped to 2937 [] []
[2023-01-22 16:11:25] merlin-logger.INFO: Imported "product_img11" (Media) [] []
[2023-01-22 16:11:25] merlin-logger.DEBUG: Post 74 remapped to 2938 [] []
[2023-01-22 16:11:27] merlin-logger.INFO: Imported "tranding_img" (Media) [] []
[2023-01-22 16:11:27] merlin-logger.DEBUG: Post 89 remapped to 2939 [] []
[2023-01-22 16:11:29] merlin-logger.INFO: Imported "user_img1" (Media) [] []
[2023-01-22 16:11:29] merlin-logger.DEBUG: Post 98 remapped to 2940 [] []
[2023-01-22 16:11:30] merlin-logger.INFO: Imported "user_img2" (Media) [] []
[2023-01-22 16:11:30] merlin-logger.DEBUG: Post 99 remapped to 2941 [] []
[2023-01-22 16:11:30] merlin-logger.INFO: New AJAX call! [] []
[2023-01-22 16:11:31] merlin-logger.INFO: The content import AJAX call will be executed with this import data {"title":"Content","data":"F:\\CS\\XAMPP\\htdocs\\test/wp-content/themes/shopwise/includes/merlin/demo-data/fashion/fashion-content.xml"} []
[2023-01-22 16:11:31] merlin-logger.DEBUG: The Hello world post status was set to draft [] []
[2023-01-22 16:11:31] merlin-logger.WARNING: Failed to import product_cat Accessories [] []
[2023-01-22 16:11:31] merlin-logger.DEBUG: Invalid taxonomy. [] []
[2023-01-22 16:11:31] merlin-logger.WARNING: Failed to import product_cat Baby Clothing [] []
[2023-01-22 16:11:31] merlin-logger.DEBUG: Invalid taxonomy. [] []
[2023-01-22 16:11:31] merlin-logger.WARNING: Failed to import product_cat Best Sellers [] []
[2023-01-22 16:11:31] merlin-logger.DEBUG: Invalid taxonomy. [] []
[2023-01-22 16:11:31] merlin-logger.WARNING: Failed to import product_tag black [] []
[2023-01-22 16:11:31] merlin-logger.DEBUG: Invalid taxonomy. [] []
[2023-01-22 16:11:31] merlin-logger.WARNING: Failed to import pa_color Black [] []
[2023-01-22 16:11:31] merlin-logger.DEBUG: Invalid taxonomy. [] []
[2023-01-22 16:11:31] merlin-logger.WARNING: Failed to import product_tag blue [] []
[2023-01-22 16:11:31] merlin-logger.DEBUG: Invalid taxonomy. [] []
[2023-01-22 16:11:31] merlin-logger.WARNING: Failed to import product_tag casual [] []
[2023-01-22 16:11:31] merlin-logger.DEBUG: Invalid taxonomy. [] []
[2023-01-22 16:11:31] merlin-logger.WARNING: Failed to import product_cat Clothing [] []
[2023-01-22 16:11:31] merlin-logger.DEBUG: Invalid taxonomy. [] []
[2023-01-22 16:11:31] merlin-logger.WARNING: Failed to import product_tag dress [] []
[2023-01-22 16:11:31] merlin-logger.DEBUG: Invalid taxonomy. [] []
[2023-01-22 16:11:31] merlin-logger.WARNING: Failed to import product_tag elegant [] []
[2023-01-22 16:11:31] merlin-logger.DEBUG: Invalid taxonomy. [] []
[2023-01-22 16:11:31] merlin-logger.WARNING: Failed to import product_cat Ethinic Wear [] []
[2023-01-22 16:11:31] merlin-logger.DEBUG: Invalid taxonomy. [] []
[2023-01-22 16:11:31] merlin-logger.WARNING: Failed to import product_visibility exclude-from-catalog [] []
[2023-01-22 16:11:31] merlin-logger.DEBUG: Invalid taxonomy. [] []
[2023-01-22 16:11:31] merlin-logger.WARNING: Failed to import product_visibility exclude-from-search [] []
[2023-01-22 16:11:31] merlin-logger.DEBUG: Invalid taxonomy. [] []
[2023-01-22 16:11:31] merlin-logger.WARNING: Failed to import product_type external [] []
[2023-01-22 16:11:31] merlin-logger.DEBUG: Invalid taxonomy. [] []
[2023-01-22 16:11:31] merlin-logger.WARNING: Failed to import product_visibility featured [] []
[2023-01-22 16:11:31] merlin-logger.DEBUG: Invalid taxonomy. [] []
[2023-01-22 16:11:31] merlin-logger.WARNING: Failed to import product_cat Featured [] []
[2023-01-22 16:11:31] merlin-logger.DEBUG: Invalid taxonomy. [] []
[2023-01-22 16:11:31] merlin-logger.WARNING: Failed to import product_tag girl [] []
[2023-01-22 16:11:31] merlin-logger.DEBUG: Invalid taxonomy. [] []
[2023-01-22 16:11:31] merlin-logger.WARNING: Failed to import product_tag gray [] []
[2023-01-22 16:11:31] merlin-logger.DEBUG: Invalid taxonomy. [] []
[2023-01-22 16:11:31] merlin-logger.WARNING: Failed to import pa_color Green [] []
[2023-01-22 16:11:31] merlin-logger.DEBUG: Invalid taxonomy. [] []
[2023-01-22 16:11:31] merlin-logger.WARNING: Failed to import product_type grouped [] []
[2023-01-22 16:11:31] merlin-logger.DEBUG: Invalid taxonomy. [] []
[2023-01-22 16:11:31] merlin-logger.WARNING: Failed to import product_cat Health &amp; Beauty [] []
[2023-01-22 16:11:31] merlin-logger.DEBUG: Invalid taxonomy. [] []
[2023-01-22 16:11:31] merlin-logger.WARNING: Failed to import product_cat Jewellery [] []
[2023-01-22 16:11:31] merlin-logger.DEBUG: Invalid taxonomy. [] []
[2023-01-22 16:11:31] merlin-logger.WARNING: Failed to import product_tag kid [] []
[2023-01-22 16:11:31] merlin-logger.DEBUG: Invalid taxonomy. [] []
[2023-01-22 16:11:31] merlin-logger.WARNING: Failed to import product_cat Kid's [] []
[2023-01-22 16:11:31] merlin-logger.DEBUG: Invalid taxonomy. [] []
[2023-01-22 16:11:31] merlin-logger.WARNING: Failed to import pa_size L [] []
[2023-01-22 16:11:31] merlin-logger.DEBUG: Invalid taxonomy. [] []
[2023-01-22 16:11:31] merlin-logger.WARNING: Failed to import product_tag lether [] []
[2023-01-22 16:11:31] merlin-logger.DEBUG: Invalid taxonomy. [] []
[2023-01-22 16:11:31] merlin-logger.WARNING: Failed to import product_tag line [] []
[2023-01-22 16:11:31] merlin-logger.DEBUG: Invalid taxonomy. [] []
[2023-01-22 16:11:31] merlin-logger.WARNING: Failed to import pa_size M [] []
[2023-01-22 16:11:31] merlin-logger.DEBUG: Invalid taxonomy. [] []
[2023-01-22 16:11:31] merlin-logger.WARNING: Failed to import product_cat Men [] []
[2023-01-22 16:11:31] merlin-logger.DEBUG: Invalid taxonomy. [] []
[2023-01-22 16:11:31] merlin-logger.WARNING: Failed to import product_cat New Arrival [] []
[2023-01-22 16:11:31] merlin-logger.DEBUG: Invalid taxonomy. [] []
[2023-01-22 16:11:31] merlin-logger.WARNING: Failed to import product_visibility outofstock [] []
[2023-01-22 16:11:31] merlin-logger.DEBUG: Invalid taxonomy. [] []
[2023-01-22 16:11:31] merlin-logger.WARNING: Failed to import pa_color Pink [] []
[2023-01-22 16:11:31] merlin-logger.DEBUG: Invalid taxonomy. [] []
[2023-01-22 16:11:31] merlin-logger.WARNING: Failed to import product_visibility rated-1 [] []
[2023-01-22 16:11:31] merlin-logger.DEBUG: Invalid taxonomy. [] []
[2023-01-22 16:11:31] merlin-logger.WARNING: Failed to import product_visibility rated-2 [] []
[2023-01-22 16:11:31] merlin-logger.DEBUG: Invalid taxonomy. [] []
[2023-01-22 16:11:31] merlin-logger.WARNING: Failed to import product_visibility rated-3 [] []
[2023-01-22 16:11:31] merlin-logger.DEBUG: Invalid taxonomy. [] []
[2023-01-22 16:11:31] merlin-logger.WARNING: Failed to import product_visibility rated-4 [] []
[2023-01-22 16:11:31] merlin-logger.DEBUG: Invalid taxonomy. [] []
[2023-01-22 16:11:31] merlin-logger.WARNING: Failed to import product_visibility rated-5 [] []
[2023-01-22 16:11:31] merlin-logger.DEBUG: Invalid taxonomy. [] []
[2023-01-22 16:11:31] merlin-logger.WARNING: Failed to import product_tag red [] []
[2023-01-22 16:11:31] merlin-logger.DEBUG: Invalid taxonomy. [] []
[2023-01-22 16:11:31] merlin-logger.WARNING: Failed to import pa_size S [] []
[2023-01-22 16:11:31] merlin-logger.DEBUG: Invalid taxonomy. [] []
[2023-01-22 16:11:31] merlin-logger.WARNING: Failed to import product_cat Seasonal Wear [] []
[2023-01-22 16:11:31] merlin-logger.DEBUG: Invalid taxonomy. [] []
[2023-01-22 16:11:31] merlin-logger.WARNING: Failed to import product_tag shirt [] []
[2023-01-22 16:11:31] merlin-logger.DEBUG: Invalid taxonomy. [] []
[2023-01-22 16:11:31] merlin-logger.WARNING: Failed to import product_cat Shoes [] []
[2023-01-22 16:11:31] merlin-logger.DEBUG: Invalid taxonomy. [] []
[2023-01-22 16:11:31] merlin-logger.WARNING: Failed to import product_type simple [] []
[2023-01-22 16:11:31] merlin-logger.DEBUG: Invalid taxonomy. [] []
[2023-01-22 16:11:31] merlin-logger.WARNING: Failed to import product_cat Sleepwear [] []
[2023-01-22 16:11:31] merlin-logger.DEBUG: Invalid taxonomy. [] []
[2023-01-22 16:11:31] merlin-logger.WARNING: Failed to import product_tag sliv [] []
[2023-01-22 16:11:31] merlin-logger.DEBUG: Invalid taxonomy. [] []
[2023-01-22 16:11:31] merlin-logger.WARNING: Failed to import product_cat Special Offer [] []
[2023-01-22 16:11:31] merlin-logger.DEBUG: Invalid taxonomy. [] []
[2023-01-22 16:11:31] merlin-logger.WARNING: Failed to import product_cat Sports [] []
[2023-01-22 16:11:31] merlin-logger.DEBUG: Invalid taxonomy. [] []
[2023-01-22 16:11:31] merlin-logger.WARNING: Failed to import pa_color Tortoise [] []
[2023-01-22 16:11:31] merlin-logger.DEBUG: Invalid taxonomy. [] []
[2023-01-22 16:11:31] merlin-logger.WARNING: Failed to import product_tag tshirt [] []
[2023-01-22 16:11:31] merlin-logger.DEBUG: Invalid taxonomy. [] []
[2023-01-22 16:11:31] merlin-logger.WARNING: Failed to import product_cat Uncategorized [] []
[2023-01-22 16:11:31] merlin-logger.DEBUG: Invalid taxonomy. [] []
[2023-01-22 16:11:31] merlin-logger.WARNING: Failed to import product_type variable [] []
[2023-01-22 16:11:31] merlin-logger.DEBUG: Invalid taxonomy. [] []
[2023-01-22 16:11:31] merlin-logger.WARNING: Failed to import product_cat Watches [] []
[2023-01-22 16:11:31] merlin-logger.DEBUG: Invalid taxonomy. [] []
[2023-01-22 16:11:31] merlin-logger.WARNING: Failed to import product_cat Women [] []
[2023-01-22 16:11:31] merlin-logger.DEBUG: Invalid taxonomy. [] []
[2023-01-22 16:11:31] merlin-logger.WARNING: Failed to import pa_size XL [] []
[2023-01-22 16:11:31] merlin-logger.DEBUG: Invalid taxonomy. [] []
[2023-01-22 16:11:31] merlin-logger.WARNING: Failed to import pa_size XS [] []
[2023-01-22 16:11:31] merlin-logger.DEBUG: Invalid taxonomy. [] []
[2023-01-22 16:11:33] merlin-logger.INFO: Imported "user_img3" (Media) [] []
[2023-01-22 16:11:33] merlin-logger.DEBUG: Post 100 remapped to 2942 [] []
[2023-01-22 16:11:34] merlin-logger.INFO: Imported "user_img4" (Media) [] []
[2023-01-22 16:11:34] merlin-logger.DEBUG: Post 101 remapped to 2943 [] []
[2023-01-22 16:11:35] merlin-logger.INFO: Imported "logo_light" (Media) [] []
[2023-01-22 16:11:35] merlin-logger.DEBUG: Post 113 remapped to 2944 [] []
[2023-01-22 16:11:38] merlin-logger.INFO: Imported "banner4" (Media) [] []
[2023-01-22 16:11:38] merlin-logger.DEBUG: Post 129 remapped to 2945 [] []
[2023-01-22 16:11:39] merlin-logger.INFO: Imported "banner5" (Media) [] []
[2023-01-22 16:11:39] merlin-logger.DEBUG: Post 130 remapped to 2946 [] []
[2023-01-22 16:11:43] merlin-logger.INFO: Imported "banner6" (Media) [] []
[2023-01-22 16:11:43] merlin-logger.DEBUG: Post 131 remapped to 2947 [] []
